c:\users\administrator\documents\visual studio 2013\projects\ssfi\ssfi\debug\vc120.pdb
c:\users\administrator\documents\visual studio 2013\projects\ssfi\ssfi\debug\vc120.idb
c:\users\administrator\documents\visual studio 2013\projects\ssfi\ssfi\debug\ssfi.obj
c:\users\administrator\documents\visual studio 2013\projects\ssfi\ssfi\debug\threadpool.obj
c:\users\administrator\documents\visual studio 2013\projects\ssfi\ssfi\debug\fileindexer.obj
z:\kedarwaghmode\documents\solidfire\ssfi\ssfi\debug\vc120.pdb
z:\kedarwaghmode\documents\solidfire\ssfi\ssfi\debug\vc120.idb
z:\kedarwaghmode\documents\solidfire\ssfi\ssfi\debug\ssfi.obj
z:\kedarwaghmode\documents\solidfire\ssfi\ssfi\debug\fileindexer.obj
c:\users\administrator\documents\visual studio 2013\projects\ssfi\debug\ssfi.ilk
c:\users\administrator\documents\visual studio 2013\projects\ssfi\debug\ssfi.exe
c:\users\administrator\documents\visual studio 2013\projects\ssfi\debug\ssfi.pdb
z:\kedarwaghmode\documents\solidfire\ssfi\debug\ssfi.pdb
z:\kedarwaghmode\documents\solidfire\ssfi\ssfi\debug\threadpool.obj
z:\kedarwaghmode\documents\solidfire\ssfi\debug\ssfi.ilk
z:\kedarwaghmode\documents\solidfire\ssfi\ssfi\debug\ssfi.tlog\cl.command.1.tlog
z:\kedarwaghmode\documents\solidfire\ssfi\ssfi\debug\ssfi.tlog\cl.read.1.tlog
z:\kedarwaghmode\documents\solidfire\ssfi\ssfi\debug\ssfi.tlog\cl.write.1.tlog
z:\kedarwaghmode\documents\solidfire\ssfi\ssfi\debug\ssfi.tlog\link.command.1.tlog
z:\kedarwaghmode\documents\solidfire\ssfi\ssfi\debug\ssfi.tlog\link.read.1.tlog
z:\kedarwaghmode\documents\solidfire\ssfi\ssfi\debug\ssfi.tlog\link.write.1.tlog
